# JRE version: OpenJDK Runtime Environment (8.0_222-b10) (build 1.8.0_222-b10)
# Java VM: OpenJDK 64-Bit Server VM (25.222-b10 mixed mode windows-amd64 compressed oops)
Heap:
 PSYoungGen      total 334848K, used 31025K [0x000000076bb80000, 0x0000000781700000, 0x00000007c0000000)
  eden space 323072K, 9% used [0x000000076bb80000,0x000000076d9cc5a8,0x000000077f700000)
  from space 11776K, 0% used [0x0000000780b80000,0x0000000780b80000,0x0000000781700000)
  to   space 14336K, 0% used [0x000000077fb00000,0x000000077fb00000,0x0000000780900000)
 ParOldGen       total 142848K, used 15800K [0x00000006c3200000, 0x00000006cbd80000, 0x000000076bb80000)
  object space 142848K, 11% used [0x00000006c3200000,0x00000006c416e1b8,0x00000006cbd80000)
 Metaspace       used 34750K, capacity 36652K, committed 36904K, reserved 1081344K
  class space    used 4398K, capacity 4743K, committed 4784K, reserved 1048576K
GC Heap History (10 events):
Event: 1.678 GC heap before
{Heap before GC invocations=6 (full 1):
 PSYoungGen      total 140800K, used 130048K [0x000000076bb80000, 0x0000000774f80000, 0x00000007c0000000)
  eden space 130048K, 100% used [0x000000076bb80000,0x0000000773a80000,0x0000000773a80000)
  from space 10752K, 0% used [0x0000000774500000,0x0000000774500000,0x0000000774f80000)
  to   space 10752K, 0% used [0x0000000773a80000,0x0000000773a80000,0x0000000774500000)
 ParOldGen       total 90624K, used 5539K [0x00000006c3200000, 0x00000006c8a80000, 0x000000076bb80000)
  object space 90624K, 6% used [0x00000006c3200000,0x00000006c3768cf0,0x00000006c8a80000)
 Metaspace       used 20927K, capacity 21656K, committed 21936K, reserved 1069056K
  class space    used 2461K, capacity 2639K, committed 2736K, reserved 1048576K
Event: 1.679 GC heap after
Heap after GC invocations=6 (full 1):
 PSYoungGen      total 140800K, used 951K [0x000000076bb80000, 0x000000077a180000, 0x00000007c0000000)
  eden space 130048K, 0% used [0x000000076bb80000,0x000000076bb80000,0x0000000773a80000)
  from space 10752K, 8% used [0x0000000773a80000,0x0000000773b6dd50,0x0000000774500000)
  to   space 10240K, 0% used [0x0000000779780000,0x0000000779780000,0x000000077a180000)
 ParOldGen       total 90624K, used 5547K [0x00000006c3200000, 0x00000006c8a80000, 0x000000076bb80000)
  object space 90624K, 6% used [0x00000006c3200000,0x00000006c376acf0,0x00000006c8a80000)
 Metaspace       used 20927K, capacity 21656K, committed 21936K, reserved 1069056K
  class space    used 2461K, capacity 2639K, committed 2736K, reserved 1048576K
}
Event: 1.790 GC heap before
{Heap before GC invocations=7 (full 1):
 PSYoungGen      total 140800K, used 130999K [0x000000076bb80000, 0x000000077a180000, 0x00000007c0000000)
  eden space 130048K, 100% used [0x000000076bb80000,0x0000000773a80000,0x0000000773a80000)
  from space 10752K, 8% used [0x0000000773a80000,0x0000000773b6dd50,0x0000000774500000)
  to   space 10240K, 0% used [0x0000000779780000,0x0000000779780000,0x000000077a180000)
 ParOldGen       total 90624K, used 5547K [0x00000006c3200000, 0x00000006c8a80000, 0x000000076bb80000)
  object space 90624K, 6% used [0x00000006c3200000,0x00000006c376acf0,0x00000006c8a80000)
 Metaspace       used 21113K, capacity 21906K, committed 22192K, reserved 1069056K
  class space    used 2478K, capacity 2674K, committed 2736K, reserved 1048576K
Event: 1.792 GC heap after
Heap after GC invocations=7 (full 1):
 PSYoungGen      total 216064K, used 992K [0x000000076bb80000, 0x0000000779d00000, 0x00000007c0000000)
  eden space 210432K, 0% used [0x000000076bb80000,0x000000076bb80000,0x0000000778900000)
  from space 5632K, 17% used [0x0000000779780000,0x0000000779878000,0x0000000779d00000)
  to   space 10240K, 0% used [0x0000000778900000,0x0000000778900000,0x0000000779300000)
 ParOldGen       total 90624K, used 5555K [0x00000006c3200000, 0x00000006c8a80000, 0x000000076bb80000)
  object space 90624K, 6% used [0x00000006c3200000,0x00000006c376ccf0,0x00000006c8a80000)
 Metaspace       used 21113K, capacity 21906K, committed 22192K, reserved 1069056K
  class space    used 2478K, capacity 2674K, committed 2736K, reserved 1048576K
}
Event: 2.999 GC heap before
{Heap before GC invocations=8 (full 1):
 PSYoungGen      total 216064K, used 211424K [0x000000076bb80000, 0x0000000779d00000, 0x00000007c0000000)
  eden space 210432K, 100% used [0x000000076bb80000,0x0000000778900000,0x0000000778900000)
  from space 5632K, 17% used [0x0000000779780000,0x0000000779878000,0x0000000779d00000)
  to   space 10240K, 0% used [0x0000000778900000,0x0000000778900000,0x0000000779300000)
 ParOldGen       total 90624K, used 5555K [0x00000006c3200000, 0x00000006c8a80000, 0x000000076bb80000)
  object space 90624K, 6% used [0x00000006c3200000,0x00000006c376ccf0,0x00000006c8a80000)
 Metaspace       used 27767K, capacity 29182K, committed 29360K, reserved 1075200K
  class space    used 3410K, capacity 3688K, committed 3760K, reserved 1048576K
Event: 3.007 GC heap after
Heap after GC invocations=8 (full 1):
 PSYoungGen      total 220672K, used 9142K [0x000000076bb80000, 0x0000000781700000, 0x00000007c0000000)
  eden space 210432K, 0% used [0x000000076bb80000,0x000000076bb80000,0x0000000778900000)
  from space 10240K, 89% used [0x0000000778900000,0x00000007791ed9e0,0x0000000779300000)
  to   space 11776K, 0% used [0x0000000780b80000,0x0000000780b80000,0x0000000781700000)
 ParOldGen       total 90624K, used 5563K [0x00000006c3200000, 0x00000006c8a80000, 0x000000076bb80000)
  object space 90624K, 6% used [0x00000006c3200000,0x00000006c376ecf0,0x00000006c8a80000)
 Metaspace       used 27767K, capacity 29182K, committed 29360K, reserved 1075200K
  class space    used 3410K, capacity 3688K, committed 3760K, reserved 1048576K
}
Event: 4.603 GC heap before
{Heap before GC invocations=9 (full 1):
 PSYoungGen      total 220672K, used 126692K [0x000000076bb80000, 0x0000000781700000, 0x00000007c0000000)
  eden space 210432K, 55% used [0x000000076bb80000,0x0000000772e4b7e0,0x0000000778900000)
  from space 10240K, 89% used [0x0000000778900000,0x00000007791ed9e0,0x0000000779300000)
  to   space 11776K, 0% used [0x0000000780b80000,0x0000000780b80000,0x0000000781700000)
 ParOldGen       total 90624K, used 5563K [0x00000006c3200000, 0x00000006c8a80000, 0x000000076bb80000)
  object space 90624K, 6% used [0x00000006c3200000,0x00000006c376ecf0,0x00000006c8a80000)
 Metaspace       used 33706K, capacity 35406K, committed 35496K, reserved 1081344K
  class space    used 4252K, capacity 4568K, committed 4656K, reserved 1048576K
Event: 4.611 GC heap after
Heap after GC invocations=9 (full 1):
 PSYoungGen      total 334848K, used 11756K [0x000000076bb80000, 0x0000000781700000, 0x00000007c0000000)
  eden space 323072K, 0% used [0x000000076bb80000,0x000000076bb80000,0x000000077f700000)
  from space 11776K, 99% used [0x0000000780b80000,0x00000007816fb208,0x0000000781700000)
  to   space 14336K, 0% used [0x000000077fb00000,0x000000077fb00000,0x0000000780900000)
 ParOldGen       total 90624K, used 6041K [0x00000006c3200000, 0x00000006c8a80000, 0x000000076bb80000)
  object space 90624K, 6% used [0x00000006c3200000,0x00000006c37e6780,0x00000006c8a80000)
 Metaspace       used 33706K, capacity 35406K, committed 35496K, reserved 1081344K
  class space    used 4252K, capacity 4568K, committed 4656K, reserved 1048576K
}
Event: 4.611 GC heap before
{Heap before GC invocations=10 (full 2):
 PSYoungGen      total 334848K, used 11756K [0x000000076bb80000, 0x0000000781700000, 0x00000007c0000000)
  eden space 323072K, 0% used [0x000000076bb80000,0x000000076bb80000,0x000000077f700000)
  from space 11776K, 99% used [0x0000000780b80000,0x00000007816fb208,0x0000000781700000)
  to   space 14336K, 0% used [0x000000077fb00000,0x000000077fb00000,0x0000000780900000)
 ParOldGen       total 90624K, used 6041K [0x00000006c3200000, 0x00000006c8a80000, 0x000000076bb80000)
  object space 90624K, 6% used [0x00000006c3200000,0x00000006c37e6780,0x00000006c8a80000)
 Metaspace       used 33706K, capacity 35406K, committed 35496K, reserved 1081344K
  class space    used 4252K, capacity 4568K, committed 4656K, reserved 1048576K
Event: 4.651 GC heap after
Heap after GC invocations=10 (full 2):
 PSYoungGen      total 334848K, used 0K [0x000000076bb80000, 0x0000000781700000, 0x00000007c0000000)
  eden space 323072K, 0% used [0x000000076bb80000,0x000000076bb80000,0x000000077f700000)
  from space 11776K, 0% used [0x0000000780b80000,0x0000000780b80000,0x0000000781700000)
  to   space 14336K, 0% used [0x000000077fb00000,0x000000077fb00000,0x0000000780900000)
 ParOldGen       total 142848K, used 15800K [0x00000006c3200000, 0x00000006cbd80000, 0x000000076bb80000)
  object space 142848K, 11% used [0x00000006c3200000,0x00000006c416e1b8,0x00000006cbd80000)
 Metaspace       used 33706K, capacity 35406K, committed 35496K, reserved 1081344K
  class space    used 4252K, capacity 4568K, committed 4656K, reserved 1048576K
}

