# JRE version: OpenJDK Runtime Environment (8.0_222-b10) (build 1.8.0_222-b10)
# Java VM: OpenJDK 64-Bit Server VM (25.222-b10 mixed mode windows-amd64 compressed oops)
Heap:
 PSYoungGen      total 75776K, used 27835K [0x000000076bb80000, 0x0000000774980000, 0x00000007c0000000)
  eden space 65024K, 28% used [0x000000076bb80000,0x000000076cdb21c0,0x000000076fb00000)
  from space 10752K, 85% used [0x000000076fb00000,0x00000007703fcc98,0x0000000770580000)
  to   space 12288K, 0% used [0x0000000773d80000,0x0000000773d80000,0x0000000774980000)
 ParOldGen       total 77824K, used 4991K [0x00000006c3200000, 0x00000006c7e00000, 0x000000076bb80000)
  object space 77824K, 6% used [0x00000006c3200000,0x00000006c36dfd10,0x00000006c7e00000)
 Metaspace       used 29478K, capacity 30978K, committed 31232K, reserved 1077248K
  class space    used 3700K, capacity 3981K, committed 4096K, reserved 1048576K
GC Heap History (10 events):
Event: 1.114 GC heap before
{Heap before GC invocations=2 (full 0):
 PSYoungGen      total 75776K, used 75568K [0x000000076bb80000, 0x0000000771000000, 0x00000007c0000000)
  eden space 65024K, 100% used [0x000000076bb80000,0x000000076fb00000,0x000000076fb00000)
  from space 10752K, 98% used [0x000000076fb00000,0x000000077054c248,0x0000000770580000)
  to   space 10752K, 0% used [0x0000000770580000,0x0000000770580000,0x0000000771000000)
 ParOldGen       total 173568K, used 16K [0x00000006c3200000, 0x00000006cdb80000, 0x000000076bb80000)
  object space 173568K, 0% used [0x00000006c3200000,0x00000006c3204000,0x00000006cdb80000)
 Metaspace       used 19066K, capacity 19840K, committed 19968K, reserved 1067008K
  class space    used 2318K, capacity 2514K, committed 2560K, reserved 1048576K
Event: 1.119 GC heap after
Heap after GC invocations=2 (full 0):
 PSYoungGen      total 75776K, used 8226K [0x000000076bb80000, 0x0000000771000000, 0x00000007c0000000)
  eden space 65024K, 0% used [0x000000076bb80000,0x000000076bb80000,0x000000076fb00000)
  from space 10752K, 76% used [0x0000000770580000,0x0000000770d88960,0x0000000771000000)
  to   space 10752K, 0% used [0x000000076fb00000,0x000000076fb00000,0x0000000770580000)
 ParOldGen       total 173568K, used 32K [0x00000006c3200000, 0x00000006cdb80000, 0x000000076bb80000)
  object space 173568K, 0% used [0x00000006c3200000,0x00000006c3208000,0x00000006cdb80000)
 Metaspace       used 19066K, capacity 19840K, committed 19968K, reserved 1067008K
  class space    used 2318K, capacity 2514K, committed 2560K, reserved 1048576K
}
Event: 1.286 GC heap before
{Heap before GC invocations=3 (full 0):
 PSYoungGen      total 75776K, used 73250K [0x000000076bb80000, 0x0000000771000000, 0x00000007c0000000)
  eden space 65024K, 100% used [0x000000076bb80000,0x000000076fb00000,0x000000076fb00000)
  from space 10752K, 76% used [0x0000000770580000,0x0000000770d88960,0x0000000771000000)
  to   space 10752K, 0% used [0x000000076fb00000,0x000000076fb00000,0x0000000770580000)
 ParOldGen       total 173568K, used 32K [0x00000006c3200000, 0x00000006cdb80000, 0x000000076bb80000)
  object space 173568K, 0% used [0x00000006c3200000,0x00000006c3208000,0x00000006cdb80000)
 Metaspace       used 20349K, capacity 21178K, committed 21296K, reserved 1069056K
  class space    used 2470K, capacity 2661K, committed 2688K, reserved 1048576K
Event: 1.290 GC heap after
Heap after GC invocations=3 (full 0):
 PSYoungGen      total 75776K, used 6514K [0x000000076bb80000, 0x0000000771000000, 0x00000007c0000000)
  eden space 65024K, 0% used [0x000000076bb80000,0x000000076bb80000,0x000000076fb00000)
  from space 10752K, 60% used [0x000000076fb00000,0x000000077015cac0,0x0000000770580000)
  to   space 10752K, 0% used [0x0000000770580000,0x0000000770580000,0x0000000771000000)
 ParOldGen       total 173568K, used 40K [0x00000006c3200000, 0x00000006cdb80000, 0x000000076bb80000)
  object space 173568K, 0% used [0x00000006c3200000,0x00000006c320a000,0x00000006cdb80000)
 Metaspace       used 20349K, capacity 21178K, committed 21296K, reserved 1069056K
  class space    used 2470K, capacity 2661K, committed 2688K, reserved 1048576K
}
Event: 1.295 GC heap before
{Heap before GC invocations=4 (full 0):
 PSYoungGen      total 75776K, used 7217K [0x000000076bb80000, 0x0000000771000000, 0x00000007c0000000)
  eden space 65024K, 1% used [0x000000076bb80000,0x000000076bc2fc40,0x000000076fb00000)
  from space 10752K, 60% used [0x000000076fb00000,0x000000077015cac0,0x0000000770580000)
  to   space 10752K, 0% used [0x0000000770580000,0x0000000770580000,0x0000000771000000)
 ParOldGen       total 173568K, used 40K [0x00000006c3200000, 0x00000006cdb80000, 0x000000076bb80000)
  object space 173568K, 0% used [0x00000006c3200000,0x00000006c320a000,0x00000006cdb80000)
 Metaspace       used 20403K, capacity 21178K, committed 21296K, reserved 1069056K
  class space    used 2481K, capacity 2661K, committed 2688K, reserved 1048576K
Event: 1.299 GC heap after
Heap after GC invocations=4 (full 0):
 PSYoungGen      total 75776K, used 5186K [0x000000076bb80000, 0x0000000771000000, 0x00000007c0000000)
  eden space 65024K, 0% used [0x000000076bb80000,0x000000076bb80000,0x000000076fb00000)
  from space 10752K, 48% used [0x0000000770580000,0x0000000770a90a98,0x0000000771000000)
  to   space 10752K, 0% used [0x000000076fb00000,0x000000076fb00000,0x0000000770580000)
 ParOldGen       total 173568K, used 48K [0x00000006c3200000, 0x00000006cdb80000, 0x000000076bb80000)
  object space 173568K, 0% used [0x00000006c3200000,0x00000006c320c000,0x00000006cdb80000)
 Metaspace       used 20403K, capacity 21178K, committed 21296K, reserved 1069056K
  class space    used 2481K, capacity 2661K, committed 2688K, reserved 1048576K
}
Event: 1.299 GC heap before
{Heap before GC invocations=5 (full 1):
 PSYoungGen      total 75776K, used 5186K [0x000000076bb80000, 0x0000000771000000, 0x00000007c0000000)
  eden space 65024K, 0% used [0x000000076bb80000,0x000000076bb80000,0x000000076fb00000)
  from space 10752K, 48% used [0x0000000770580000,0x0000000770a90a98,0x0000000771000000)
  to   space 10752K, 0% used [0x000000076fb00000,0x000000076fb00000,0x0000000770580000)
 ParOldGen       total 173568K, used 48K [0x00000006c3200000, 0x00000006cdb80000, 0x000000076bb80000)
  object space 173568K, 0% used [0x00000006c3200000,0x00000006c320c000,0x00000006cdb80000)
 Metaspace       used 20403K, capacity 21178K, committed 21296K, reserved 1069056K
  class space    used 2481K, capacity 2661K, committed 2688K, reserved 1048576K
Event: 1.318 GC heap after
Heap after GC invocations=5 (full 1):
 PSYoungGen      total 75776K, used 0K [0x000000076bb80000, 0x0000000771000000, 0x00000007c0000000)
  eden space 65024K, 0% used [0x000000076bb80000,0x000000076bb80000,0x000000076fb00000)
  from space 10752K, 0% used [0x0000000770580000,0x0000000770580000,0x0000000771000000)
  to   space 10752K, 0% used [0x000000076fb00000,0x000000076fb00000,0x0000000770580000)
 ParOldGen       total 77824K, used 4983K [0x00000006c3200000, 0x00000006c7e00000, 0x000000076bb80000)
  object space 77824K, 6% used [0x00000006c3200000,0x00000006c36ddd10,0x00000006c7e00000)
 Metaspace       used 20401K, capacity 21172K, committed 21296K, reserved 1069056K
  class space    used 2480K, capacity 2660K, committed 2688K, reserved 1048576K
}
Event: 2.561 GC heap before
{Heap before GC invocations=6 (full 1):
 PSYoungGen      total 75776K, used 65024K [0x000000076bb80000, 0x0000000771000000, 0x00000007c0000000)
  eden space 65024K, 100% used [0x000000076bb80000,0x000000076fb00000,0x000000076fb00000)
  from space 10752K, 0% used [0x0000000770580000,0x0000000770580000,0x0000000771000000)
  to   space 10752K, 0% used [0x000000076fb00000,0x000000076fb00000,0x0000000770580000)
 ParOldGen       total 77824K, used 4983K [0x00000006c3200000, 0x00000006c7e00000, 0x000000076bb80000)
  object space 77824K, 6% used [0x00000006c3200000,0x00000006c36ddd10,0x00000006c7e00000)
 Metaspace       used 27803K, capacity 29180K, committed 29440K, reserved 1075200K
  class space    used 3483K, capacity 3762K, committed 3840K, reserved 1048576K
Event: 2.567 GC heap after
Heap after GC invocations=6 (full 1):
 PSYoungGen      total 75776K, used 9203K [0x000000076bb80000, 0x0000000774980000, 0x00000007c0000000)
  eden space 65024K, 0% used [0x000000076bb80000,0x000000076bb80000,0x000000076fb00000)
  from space 10752K, 85% used [0x000000076fb00000,0x00000007703fcc98,0x0000000770580000)
  to   space 12288K, 0% used [0x0000000773d80000,0x0000000773d80000,0x0000000774980000)
 ParOldGen       total 77824K, used 4991K [0x00000006c3200000, 0x00000006c7e00000, 0x000000076bb80000)
  object space 77824K, 6% used [0x00000006c3200000,0x00000006c36dfd10,0x00000006c7e00000)
 Metaspace       used 27803K, capacity 29180K, committed 29440K, reserved 1075200K
  class space    used 3483K, capacity 3762K, committed 3840K, reserved 1048576K
}

